#
# A fatal error has been detected by the Java Runtime Environment:
#
#  SIGSEGV (0xb) at pc=0x000000010780b62c, pid=12532, tid=16643
#
# JRE version: Java(TM) SE Runtime Environment (8.0_05-b13) (build 1.8.0_05-b13)
# Java VM: Java HotSpot(TM) 64-Bit Server VM (25.5-b02 mixed mode bsd-amd64 compressed oops)
# Problematic frame:
# V  [libjvm.dylib+0x40b62c]  Method::checked_resolve_jmethod_id(_jmethodID*)+0xe
#
# Failed to write core dump. Core dumps have been disabled. To enable core dumping, try "ulimit -c unlimited" before starting Java again
#
# If you would like to submit a bug report, please visit:
#   http://bugreport.sun.com/bugreport/crash.jsp
#

---------------  T H R E A D  ---------------

Current thread (0x00007fdd71826800):  JavaThread "JDWP Transport Listener: dt_socket" daemon [_thread_in_vm, id=16643, stack(0x00000001dff19000,0x00000001e0019000)]

siginfo:si_signo=SIGSEGV: si_errno=0, si_code=0 (SEGV0), si_addr=0x0000000000000000

Registers:
RAX=0x0000000000000001, RBX=0x00000001e0018a8b, RCX=0x0000000107baf780, RDX=0x00000001e0018a8b
RSP=0x00000001e00189d0, RBP=0x00000001e00189e0, RSI=0x00007fdd71826800, RDI=0x2f6176616a4c3b65
R8 =0x0000000000000002, R9 =0x00007fdd70f00000, R10=0x0000000000000020, R11=0x00007fdd70f00000
R12=0x00007fdd71826800, R13=0x2f6176616a4c3b65, R14=0x2f6176616a4c3b65, R15=0x00007fdd70d1f2e0
RIP=0x000000010780b62c, EFLAGS=0x0000000000010206, ERR=0x0000000000000000
  TRAPNO=0x000000000000000d

Top of Stack: (sp=0x00000001e00189d0)
0x00000001e00189d0:   00000001e0018a8b 00000001e0018a8b
0x00000001e00189e0:   00000001e0018a40 000000010772497a
0x00000001e00189f0:   00007fdd71826800 0000000000000000
0x00000001e0018a00:   0000000000000000 0000000000000000
0x00000001e0018a10:   00007fdd71826800 00007fdd71826800
0x00000001e0018a20:   00000001e0018a8b 00000001e0018a90
0x00000001e0018a30:   2f6176616a4c3b65 0000000000000009
0x00000001e0018a40:   00000001e0018a60 00000001083147dc
0x00000001e0018a50:   0000000000000001 00000001e0018b08
0x00000001e0018a60:   00000001e0018ad0 00000001082f9263
0x00000001e0018a70:   00000001e0018aa0 00007fdd70f3bf20
0x00000001e0018a80:   0000000a00000032 f000100a01018b08
0x00000001e0018a90:   0000000000000000 0000000000000000
0x00000001e0018aa0:   0000000000000000 00000001e0018c90
0x00000001e0018ab0:   000000010831beca 00007fdd70d5aae0
0x00000001e0018ac0:   00000001e0018b08 0000000108327588
0x00000001e0018ad0:   00000001e0018ae0 00000001082f935c
0x00000001e0018ae0:   00000001e0018d00 00000001083028f6
0x00000001e0018af0:   0000288000000013 00000000000f0200
0x00000001e0018b00:   00007fdd70d51f20 00007fdd728d7edb
0x00000001e0018b10:   00007fdd000003d5 00007fdd70f3c230
0x00000001e0018b20:   00007fdd0000012c 00000001e0018b58
0x00000001e0018b30:   00007fdd70f3bfb0 0000000000000000
0x00000001e0018b40:   000028800000000b 0000000000000080
0x00000001e0018b50:   00000001e0018b58 dd7f00000a000000
0x00000001e0018b60:   060000006800e170 00003e74696e693c
0x00000001e0018b70:   0000005629280300 7f00000100000000
0x00000001e0018b80:   0000008800e170dd 7246646c69756211
0x00000001e0018b90:   4d79636e65757165 4c28230000007061
0x00000001e0018ba0:   6e616c2f6176616a 676e697274532f67
0x00000001e0018bb0:   2f6176616a4c293b 70614d2f6c697475
0x00000001e0018bc0:   6a4c284d0000003b 676e616c2f617661 

Instructions: (pc=0x000000010780b62c)
0x000000010780b60c:   40 48 48 85 c0 75 e0 30 c0 0f b6 c0 5d c3 31 c0
0x000000010780b61c:   5d c3 55 48 89 e5 53 48 83 ec 08 48 85 ff 74 24
0x000000010780b62c:   48 8b 1f 48 85 db 74 1c 48 83 fb 37 74 16 48 8b
0x000000010780b63c:   03 48 89 df ff 50 08 84 c0 b8 00 00 00 00 48 0f 

Register to memory mapping:

RAX=0x0000000000000001 is an unknown value
RBX=0x00000001e0018a8b is pointing into the stack for thread: 0x00007fdd71826800
RCX=0x0000000107baf780: UseMembar+0 in /Library/Java/JavaVirtualMachines/jdk1.8.0_05.jdk/Contents/Home/jre/lib/server/libjvm.dylib at 0x0000000107400000
RDX=0x00000001e0018a8b is pointing into the stack for thread: 0x00007fdd71826800
RSP=0x00000001e00189d0 is pointing into the stack for thread: 0x00007fdd71826800
RBP=0x00000001e00189e0 is pointing into the stack for thread: 0x00007fdd71826800
RSI=0x00007fdd71826800 is a thread
RDI=0x2f6176616a4c3b65 is an unknown value
R8 =0x0000000000000002 is an unknown value
R9 =0x00007fdd70f00000 is an unknown value
R10=0x0000000000000020 is an unknown value
R11=0x00007fdd70f00000 is an unknown value
R12=0x00007fdd71826800 is a thread
R13=0x2f6176616a4c3b65 is an unknown value
R14=0x2f6176616a4c3b65 is an unknown value
R15=0x00007fdd70d1f2e0 is an unknown value


Stack: [0x00000001dff19000,0x00000001e0019000],  sp=0x00000001e00189d0,  free space=1022k
Native frames: (J=compiled Java code, j=interpreted, Vv=VM code, C=native code)
V  [libjvm.dylib+0x40b62c]  Method::checked_resolve_jmethod_id(_jmethodID*)+0xe
V  [libjvm.dylib+0x32497a]  jvmti_IsMethodSynthetic+0xb2
C  [libjdwp.dylib+0x207dc]  isMethodSynthetic+0x63
C  [libjdwp.dylib+0x5263]  methods1+0x10b
C  [libjdwp.dylib+0x535c]  methodsWithGeneric+0xe
C  [libjdwp.dylib+0xe8f6]  debugLoop_run+0x1ce
C  [libjdwp.dylib+0x1f716]  attachThread+0x4d
V  [libjvm.dylib+0x3659ea]  JvmtiAgentThread::call_start_function()+0x38
V  [libjvm.dylib+0x51ccf5]  JavaThread::thread_main_inner()+0x9b
V  [libjvm.dylib+0x51e432]  JavaThread::run()+0x1c2
V  [libjvm.dylib+0x445426]  java_start(Thread*)+0xf6
C  [libsystem_pthread.dylib+0x32fc]  _pthread_body+0x83
C  [libsystem_pthread.dylib+0x3279]  _pthread_body+0x0
C  [libsystem_pthread.dylib+0x14b1]  thread_start+0xd


---------------  P R O C E S S  ---------------

Java Threads: ( => current thread )
  0x00007fdd71025800 JavaThread "Service Thread" daemon [_thread_blocked, id=19715, stack(0x00000001e052b000,0x00000001e062b000)]
  0x00007fdd71026800 JavaThread "C1 CompilerThread2" daemon [_thread_blocked, id=19203, stack(0x00000001e0428000,0x00000001e0528000)]
  0x00007fdd72010000 JavaThread "C2 CompilerThread1" daemon [_thread_blocked, id=18691, stack(0x00000001e0325000,0x00000001e0425000)]
  0x00007fdd71824800 JavaThread "C2 CompilerThread0" daemon [_thread_blocked, id=18179, stack(0x00000001e0222000,0x00000001e0322000)]
  0x00007fdd71828000 JavaThread "JDWP Command Reader" daemon [_thread_in_native, id=17667, stack(0x00000001e011f000,0x00000001e021f000)]
  0x00007fdd71827000 JavaThread "JDWP Event Helper Thread" daemon [_thread_blocked, id=17155, stack(0x00000001e001c000,0x00000001e011c000)]
=>0x00007fdd71826800 JavaThread "JDWP Transport Listener: dt_socket" daemon [_thread_in_vm, id=16643, stack(0x00000001dff19000,0x00000001e0019000)]
  0x00007fdd71810800 JavaThread "Signal Dispatcher" daemon [_thread_blocked, id=15115, stack(0x00000001dfe0f000,0x00000001dff0f000)]
  0x00007fdd72005800 JavaThread "Finalizer" daemon [_thread_blocked, id=11523, stack(0x00000001de4c7000,0x00000001de5c7000)]
  0x00007fdd72004800 JavaThread "Reference Handler" daemon [_thread_blocked, id=11011, stack(0x00000001de3c4000,0x00000001de4c4000)]
  0x00007fdd7180e000 JavaThread "main" [_thread_blocked, id=4867, stack(0x0000000106aeb000,0x0000000106beb000)]

Other Threads:
  0x00007fdd7283f800 VMThread [stack: 0x00000001de2c1000,0x00000001de3c1000] [id=10499]
  0x00007fdd7102f800 WatcherThread [stack: 0x00000001e062e000,0x00000001e072e000] [id=20227]

VM state:not at safepoint (normal execution)

VM Mutex/Monitor currently owned by a thread: None

Heap:
 PSYoungGen      total 3072K, used 1763K [0x000000016cf80000, 0x000000016d380000, 0x0000000197a00000)
  eden space 2048K, 50% used [0x000000016cf80000,0x000000016d084db8,0x000000016d180000)
  from space 1024K, 70% used [0x000000016d280000,0x000000016d334010,0x000000016d380000)
  to   space 1024K, 0% used [0x000000016d180000,0x000000016d180000,0x000000016d280000)
 ParOldGen       total 129536K, used 473K [0x0000000117a00000, 0x000000011f880000, 0x000000016cf80000)
  object space 129536K, 0% used [0x0000000117a00000,0x0000000117a76580,0x000000011f880000)
 Metaspace       used 4170K, capacity 5088K, committed 5248K, reserved 1056768K
  class space    used 486K, capacity 528K, committed 640K, reserved 1048576K

Card table byte_map: [0x0000000197a00000,0x0000000197e01000] byte_map_base: 0x0000000197143000

Marking Bits: (ParMarkBitMap*) 0x0000000107c660a0
 Begin Bits: [0x00000001984b8000, 0x000000019a4b8000)
 End Bits:   [0x000000019a4b8000, 0x000000019c4b8000)

Polling page: 0x0000000106bfb000

CodeCache: size=245760Kb used=1685Kb max_used=1702Kb free=244074Kb
 bounds [0x0000000108351000, 0x00000001085c1000, 0x0000000117351000]
 total_blobs=525 nmethods=275 adapters=174
 compilation: enabled

Compilation events (10 events):
Event: 0.452 Thread 0x00007fdd71026800  273   !   3       java.net.URLClassLoader::findClass (29 bytes)
Event: 0.453 Thread 0x00007fdd71026800 nmethod 273 0x00000001084e7dd0 code [0x00000001084e7f60, 0x00000001084e84a8]
Event: 0.453 Thread 0x00007fdd71026800  274       3       java.net.URLClassLoader$1::<init> (15 bytes)
Event: 0.453 Thread 0x00007fdd71026800 nmethod 274 0x00000001084e3110 code [0x00000001084e3260, 0x00000001084e3430]
Event: 0.453 Thread 0x00007fdd72010000 nmethod 271 0x00000001084e74d0 code [0x00000001084e7620, 0x00000001084e7b38]
Event: 0.453 Thread 0x00007fdd72010000  272   !   4       sun.misc.URLClassPath$JarLoader::getResource (85 bytes)
Event: 0.455 Thread 0x00007fdd71026800  275       3       java.lang.Byte::<init> (10 bytes)
Event: 0.456 Thread 0x00007fdd71026800 nmethod 275 0x00000001084e9790 code [0x00000001084e9900, 0x00000001084e9af0]
Event: 0.461 Thread 0x00007fdd71824800 nmethod 264 0x00000001084f62d0 code [0x00000001084f6540, 0x00000001084f77e0]
Event: 0.487 Thread 0x00007fdd72010000 nmethod 272 0x00000001084f8610 code [0x00000001084f8980, 0x00000001084fa1e0]

GC Heap History (10 events):
Event: 0.164 GC heap before
{Heap before GC invocations=2 (full 0):
 PSYoungGen      total 1024K, used 871K [0x000000016cf80000, 0x000000016d100000, 0x0000000197a00000)
  eden space 512K, 98% used [0x000000016cf80000,0x000000016cffdf88,0x000000016d000000)
  from space 512K, 71% used [0x000000016d000000,0x000000016d05c010,0x000000016d080000)
  to   space 512K, 0% used [0x000000016d080000,0x000000016d080000,0x000000016d100000)
 ParOldGen       total 129536K, used 0K [0x0000000117a00000, 0x000000011f880000, 0x000000016cf80000)
  object space 129536K, 0% used [0x0000000117a00000,0x0000000117a00000,0x000000011f880000)
 Metaspace       used 2660K, capacity 4480K, committed 4480K, reserved 1056768K
  class space    used 286K, capacity 384K, committed 384K, reserved 1048576K
Event: 0.166 GC heap after
Heap after GC invocations=2 (full 0):
 PSYoungGen      total 1024K, used 496K [0x000000016cf80000, 0x000000016d180000, 0x0000000197a00000)
  eden space 512K, 0% used [0x000000016cf80000,0x000000016cf80000,0x000000016d000000)
  from space 512K, 96% used [0x000000016d080000,0x000000016d0fc010,0x000000016d100000)
  to   space 512K, 0% used [0x000000016d000000,0x000000016d000000,0x000000016d080000)
 ParOldGen       total 129536K, used 32K [0x0000000117a00000, 0x000000011f880000, 0x000000016cf80000)
  object space 129536K, 0% used [0x0000000117a00000,0x0000000117a08000,0x000000011f880000)
 Metaspace       used 2660K, capacity 4480K, committed 4480K, reserved 1056768K
  class space    used 286K, capacity 384K, committed 384K, reserved 1048576K
}
Event: 0.208 GC heap before
{Heap before GC invocations=3 (full 0):
 PSYoungGen      total 1024K, used 1008K [0x000000016cf80000, 0x000000016d180000, 0x0000000197a00000)
  eden space 512K, 100% used [0x000000016cf80000,0x000000016d000000,0x000000016d000000)
  from space 512K, 96% used [0x000000016d080000,0x000000016d0fc010,0x000000016d100000)
  to   space 512K, 0% used [0x000000016d000000,0x000000016d000000,0x000000016d080000)
 ParOldGen       total 129536K, used 32K [0x0000000117a00000, 0x000000011f880000, 0x000000016cf80000)
  object space 129536K, 0% used [0x0000000117a00000,0x0000000117a08000,0x000000011f880000)
 Metaspace       used 2927K, capacity 4566K, committed 4864K, reserved 1056768K
  class space    used 314K, capacity 390K, committed 512K, reserved 1048576K
Event: 0.210 GC heap after
Heap after GC invocations=3 (full 0):
 PSYoungGen      total 1024K, used 480K [0x000000016cf80000, 0x000000016d180000, 0x0000000197a00000)
  eden space 512K, 0% used [0x000000016cf80000,0x000000016cf80000,0x000000016d000000)
  from space 512K, 93% used [0x000000016d000000,0x000000016d078020,0x000000016d080000)
  to   space 512K, 0% used [0x000000016d100000,0x000000016d100000,0x000000016d180000)
 ParOldGen       total 129536K, used 172K [0x0000000117a00000, 0x000000011f880000, 0x000000016cf80000)
  object space 129536K, 0% used [0x0000000117a00000,0x0000000117a2b270,0x000000011f880000)
 Metaspace       used 2927K, capacity 4566K, committed 4864K, reserved 1056768K
  class space    used 314K, capacity 390K, committed 512K, reserved 1048576K
}
Event: 0.238 GC heap before
{Heap before GC invocations=4 (full 0):
 PSYoungGen      total 1024K, used 992K [0x000000016cf80000, 0x000000016d180000, 0x0000000197a00000)
  eden space 512K, 100% used [0x000000016cf80000,0x000000016d000000,0x000000016d000000)
  from space 512K, 93% used [0x000000016d000000,0x000000016d078020,0x000000016d080000)
  to   space 512K, 0% used [0x000000016d100000,0x000000016d100000,0x000000016d180000)
 ParOldGen       total 129536K, used 172K [0x0000000117a00000, 0x000000011f880000, 0x000000016cf80000)
  object space 129536K, 0% used [0x0000000117a00000,0x0000000117a2b270,0x000000011f880000)
 Metaspace       used 3054K, capacity 4664K, committed 4864K, reserved 1056768K
  class space    used 327K, capacity 424K, committed 512K, reserved 1048576K
Event: 0.241 GC heap after
Heap after GC invocations=4 (full 0):
 PSYoungGen      total 1536K, used 480K [0x000000016cf80000, 0x000000016d180000, 0x0000000197a00000)
  eden space 1024K, 0% used [0x000000016cf80000,0x000000016cf80000,0x000000016d080000)
  from space 512K, 93% used [0x000000016d100000,0x000000016d178020,0x000000016d180000)
  to   space 512K, 0% used [0x000000016d080000,0x000000016d080000,0x000000016d100000)
 ParOldGen       total 129536K, used 276K [0x0000000117a00000, 0x000000011f880000, 0x000000016cf80000)
  object space 129536K, 0% used [0x0000000117a00000,0x0000000117a45328,0x000000011f880000)
 Metaspace       used 3054K, capacity 4664K, committed 4864K, reserved 1056768K
  class space    used 327K, capacity 424K, committed 512K, reserved 1048576K
}
Event: 0.351 GC heap before
{Heap before GC invocations=5 (full 0):
 PSYoungGen      total 1536K, used 1503K [0x000000016cf80000, 0x000000016d180000, 0x0000000197a00000)
  eden space 1024K, 99% used [0x000000016cf80000,0x000000016d07ff70,0x000000016d080000)
  from space 512K, 93% used [0x000000016d100000,0x000000016d178020,0x000000016d180000)
  to   space 512K, 0% used [0x000000016d080000,0x000000016d080000,0x000000016d100000)
 ParOldGen       total 129536K, used 276K [0x0000000117a00000, 0x000000011f880000, 0x000000016cf80000)
  object space 129536K, 0% used [0x0000000117a00000,0x0000000117a45328,0x000000011f880000)
 Metaspace       used 3769K, capacity 4768K, committed 4864K, reserved 1056768K
  class space    used 429K, capacity 464K, committed 512K, reserved 1048576K
Event: 0.352 GC heap after
Heap after GC invocations=5 (full 0):
 PSYoungGen      total 1536K, used 480K [0x000000016cf80000, 0x000000016d380000, 0x0000000197a00000)
  eden space 1024K, 0% used [0x000000016cf80000,0x000000016cf80000,0x000000016d080000)
  from space 512K, 93% used [0x000000016d080000,0x000000016d0f8020,0x000000016d100000)
  to   space 1024K, 0% used [0x000000016d280000,0x000000016d280000,0x000000016d380000)
 ParOldGen       total 129536K, used 465K [0x0000000117a00000, 0x000000011f880000, 0x000000016cf80000)
  object space 129536K, 0% used [0x0000000117a00000,0x0000000117a74580,0x000000011f880000)
 Metaspace       used 3769K, capacity 4768K, committed 4864K, reserved 1056768K
  class space    used 429K, capacity 464K, committed 512K, reserved 1048576K
}
Event: 0.388 GC heap before
{Heap before GC invocations=6 (full 0):
 PSYoungGen      total 1536K, used 1504K [0x000000016cf80000, 0x000000016d380000, 0x0000000197a00000)
  eden space 1024K, 100% used [0x000000016cf80000,0x000000016d080000,0x000000016d080000)
  from space 512K, 93% used [0x000000016d080000,0x000000016d0f8020,0x000000016d100000)
  to   space 1024K, 0% used [0x000000016d280000,0x000000016d280000,0x000000016d380000)
 ParOldGen       total 129536K, used 465K [0x0000000117a00000, 0x000000011f880000, 0x000000016cf80000)
  object space 129536K, 0% used [0x0000000117a00000,0x0000000117a74580,0x000000011f880000)
 Metaspace       used 3902K, capacity 4864K, committed 5120K, reserved 1056768K
  class space    used 450K, capacity 496K, committed 512K, reserved 1048576K
Event: 0.390 GC heap after
Heap after GC invocations=6 (full 0):
 PSYoungGen      total 3072K, used 720K [0x000000016cf80000, 0x000000016d380000, 0x0000000197a00000)
  eden space 2048K, 0% used [0x000000016cf80000,0x000000016cf80000,0x000000016d180000)
  from space 1024K, 70% used [0x000000016d280000,0x000000016d334010,0x000000016d380000)
  to   space 1024K, 0% used [0x000000016d180000,0x000000016d180000,0x000000016d280000)
 ParOldGen       total 129536K, used 473K [0x0000000117a00000, 0x000000011f880000, 0x000000016cf80000)
  object space 129536K, 0% used [0x0000000117a00000,0x0000000117a76580,0x000000011f880000)
 Metaspace       used 3902K, capacity 4864K, committed 5120K, reserved 1056768K
  class space    used 450K, capacity 496K, committed 512K, reserved 1048576K
}

Deoptimization events (0 events):
No events

Internal exceptions (10 events):
Event: 0.439 Thread 0x00007fdd7180e000 Exception <a 'java/security/PrivilegedActionException'> (0x000000016d042720) thrown at [/HUDSON/workspace/8-2-build-macosx-x86_64/jdk8u5/2488/hotspot/src/share/vm/prims/jvm.cpp, line 1248]
Event: 0.440 Thread 0x00007fdd7180e000 Exception <a 'java/security/PrivilegedActionException'> (0x000000016d049fb0) thrown at [/HUDSON/workspace/8-2-build-macosx-x86_64/jdk8u5/2488/hotspot/src/share/vm/prims/jvm.cpp, line 1248]
Event: 0.441 Thread 0x00007fdd7180e000 Exception <a 'java/security/PrivilegedActionException'> (0x000000016d04eec8) thrown at [/HUDSON/workspace/8-2-build-macosx-x86_64/jdk8u5/2488/hotspot/src/share/vm/prims/jvm.cpp, line 1248]
Event: 0.442 Thread 0x00007fdd7180e000 Exception <a 'java/security/PrivilegedActionException'> (0x000000016d055518) thrown at [/HUDSON/workspace/8-2-build-macosx-x86_64/jdk8u5/2488/hotspot/src/share/vm/prims/jvm.cpp, line 1248]
Event: 0.446 Thread 0x00007fdd7180e000 Exception <a 'java/security/PrivilegedActionException'> (0x000000016d05bae0) thrown at [/HUDSON/workspace/8-2-build-macosx-x86_64/jdk8u5/2488/hotspot/src/share/vm/prims/jvm.cpp, line 1248]
Event: 0.449 Thread 0x00007fdd7180e000 Exception <a 'java/security/PrivilegedActionException'> (0x000000016d061fc8) thrown at [/HUDSON/workspace/8-2-build-macosx-x86_64/jdk8u5/2488/hotspot/src/share/vm/prims/jvm.cpp, line 1248]
Event: 0.450 Thread 0x00007fdd7180e000 Exception <a 'java/security/PrivilegedActionException'> (0x000000016d067368) thrown at [/HUDSON/workspace/8-2-build-macosx-x86_64/jdk8u5/2488/hotspot/src/share/vm/prims/jvm.cpp, line 1248]
Event: 0.451 Thread 0x00007fdd7180e000 Exception <a 'java/security/PrivilegedActionException'> (0x000000016d06e4a8) thrown at [/HUDSON/workspace/8-2-build-macosx-x86_64/jdk8u5/2488/hotspot/src/share/vm/prims/jvm.cpp, line 1248]
Event: 0.452 Thread 0x00007fdd7180e000 Exception <a 'java/security/PrivilegedActionException'> (0x000000016d071eb0) thrown at [/HUDSON/workspace/8-2-build-macosx-x86_64/jdk8u5/2488/hotspot/src/share/vm/prims/jvm.cpp, line 1248]
Event: 0.456 Thread 0x00007fdd7180e000 Exception <a 'java/security/PrivilegedActionException'> (0x000000016d07a288) thrown at [/HUDSON/workspace/8-2-build-macosx-x86_64/jdk8u5/2488/hotspot/src/share/vm/prims/jvm.cpp, line 1248]

Events (10 events):
Event: 4275.027 Executing VM operation: ChangeBreakpoints
Event: 4275.027 Executing VM operation: ChangeBreakpoints done
Event: 4275.028 Executing VM operation: ChangeBreakpoints
Event: 4275.028 Executing VM operation: ChangeBreakpoints done
Event: 4275.034 Executing VM operation: RedefineClasses
Event: 4275.045 Executing VM operation: RedefineClasses done
Event: 4275.075 Executing VM operation: ChangeBreakpoints
Event: 4275.075 Executing VM operation: ChangeBreakpoints done
Event: 4275.076 Executing VM operation: ChangeBreakpoints
Event: 4275.076 Executing VM operation: ChangeBreakpoints done


Dynamic libraries:
0x000000000b0fa000 	/System/Library/Frameworks/Cocoa.framework/Versions/A/Cocoa
0x000000000b0fa000 	/System/Library/Frameworks/Security.framework/Versions/A/Security
0x000000000b0fa000 	/System/Library/Frameworks/ApplicationServices.framework/Versions/A/ApplicationServices
0x000000000b0fa000 	/usr/lib/libz.1.dylib
0x000000000b0fa000 	/usr/lib/libSystem.B.dylib
0x000000000b0fa000 	/usr/lib/libobjc.A.dylib
0x000000000b0fa000 	/System/Library/Frameworks/CoreFoundation.framework/Versions/A/CoreFoundation
0x000000000b0fa000 	/System/Library/Frameworks/Foundation.framework/Versions/C/Foundation
0x000000000b0fa000 	/System/Library/Frameworks/AppKit.framework/Versions/C/AppKit
0x000000000b0fa000 	/System/Library/Frameworks/CoreData.framework/Versions/A/CoreData
0x000000000b0fa000 	/System/Library/PrivateFrameworks/RemoteViewServices.framework/Versions/A/RemoteViewServices
0x000000000b0fa000 	/System/Library/PrivateFrameworks/UIFoundation.framework/Versions/A/UIFoundation
0x000000000b0fa000 	/System/Library/Frameworks/IOSurface.framework/Versions/A/IOSurface
0x000000000b0fa000 	/System/Library/Frameworks/AudioToolbox.framework/Versions/A/AudioToolbox
0x000000000b0fa000 	/System/Library/Frameworks/AudioUnit.framework/Versions/A/AudioUnit
0x000000000b0fa000 	/System/Library/PrivateFrameworks/DataDetectorsCore.framework/Versions/A/DataDetectorsCore
0x000000000b0fa000 	/System/Library/PrivateFrameworks/DesktopServicesPriv.framework/Versions/A/DesktopServicesPriv
0x000000000b0fa000 	/System/Library/Frameworks/Carbon.framework/Versions/A/Frameworks/HIToolbox.framework/Versions/A/HIToolbox
0x000000000b0fa000 	/System/Library/Frameworks/QuartzCore.framework/Versions/A/QuartzCore
0x000000000b0fa000 	/System/Library/Frameworks/Carbon.framework/Versions/A/Frameworks/SpeechRecognition.framework/Versions/A/SpeechRecognition
0x000000000b0fa000 	/usr/lib/libauto.dylib
0x000000000b0fa000 	/usr/lib/libicucore.A.dylib
0x000000000b0fa000 	/usr/lib/libxml2.2.dylib
0x000000000b0fa000 	/System/Library/PrivateFrameworks/CoreUI.framework/Versions/A/CoreUI
0x000000000b0fa000 	/System/Library/Frameworks/CoreAudio.framework/Versions/A/CoreAudio
0x000000000b0fa000 	/System/Library/Frameworks/DiskArbitration.framework/Versions/A/DiskArbitration
0x000000000b0fa000 	/usr/lib/liblangid.dylib
0x000000000b0fa000 	/System/Library/PrivateFrameworks/MultitouchSupport.framework/Versions/A/MultitouchSupport
0x000000000b0fa000 	/System/Library/Frameworks/IOKit.framework/Versions/A/IOKit
0x000000000b0fa000 	/usr/lib/libDiagnosticMessagesClient.dylib
0x000000000b0fa000 	/System/Library/Frameworks/CoreServices.framework/Versions/A/CoreServices
0x000000000b0fa000 	/System/Library/PrivateFrameworks/PerformanceAnalysis.framework/Versions/A/PerformanceAnalysis
0x000000000b0fa000 	/System/Library/PrivateFrameworks/GenerationalStorage.framework/Versions/A/GenerationalStorage
0x000000000b0fa000 	/System/Library/Frameworks/OpenGL.framework/Versions/A/OpenGL
0x000000000b0fa000 	/System/Library/PrivateFrameworks/Sharing.framework/Versions/A/Sharing
0x000000000b0fa000 	/System/Library/Frameworks/CoreGraphics.framework/Versions/A/CoreGraphics
0x000000000b0fa000 	/System/Library/Frameworks/CoreText.framework/Versions/A/CoreText
0x000000000b0fa000 	/System/Library/Frameworks/ImageIO.framework/Versions/A/ImageIO
0x000000000b0fa000 	/usr/lib/libextension.dylib
0x000000000b0fa000 	/System/Library/PrivateFrameworks/Backup.framework/Versions/A/Backup
0x000000000b0fa000 	/usr/lib/libarchive.2.dylib
0x000000000b0fa000 	/System/Library/Frameworks/CFNetwork.framework/Versions/A/CFNetwork
0x000000000b0fa000 	/System/Library/Frameworks/SystemConfiguration.framework/Versions/A/SystemConfiguration
0x000000000b0fa000 	/usr/lib/libCRFSuite.dylib
0x000000000b0fa000 	/usr/lib/libc++.1.dylib
0x000000000b0fa000 	/usr/lib/libc++abi.dylib
0x000000000b0fa000 	/usr/lib/system/libcache.dylib
0x000000000b0fa000 	/usr/lib/system/libcommonCrypto.dylib
0x000000000b0fa000 	/usr/lib/system/libcompiler_rt.dylib
0x000000000b0fa000 	/usr/lib/system/libcopyfile.dylib
0x000000000b0fa000 	/usr/lib/system/libcorecrypto.dylib
0x000000000b0fa000 	/usr/lib/system/libdispatch.dylib
0x000000000b0fa000 	/usr/lib/system/libdyld.dylib
0x000000000b0fa000 	/usr/lib/system/libkeymgr.dylib
0x000000000b0fa000 	/usr/lib/system/liblaunch.dylib
0x000000000b0fa000 	/usr/lib/system/libmacho.dylib
0x000000000b0fa000 	/usr/lib/system/libquarantine.dylib
0x000000000b0fa000 	/usr/lib/system/libremovefile.dylib
0x000000000b0fa000 	/usr/lib/system/libsystem_asl.dylib
0x000000000b0fa000 	/usr/lib/system/libsystem_blocks.dylib
0x000000000b0fa000 	/usr/lib/system/libsystem_c.dylib
0x000000000b0fa000 	/usr/lib/system/libsystem_configuration.dylib
0x000000000b0fa000 	/usr/lib/system/libsystem_coreservices.dylib
0x000000000b0fa000 	/usr/lib/system/libsystem_coretls.dylib
0x000000000b0fa000 	/usr/lib/system/libsystem_dnssd.dylib
0x000000000b0fa000 	/usr/lib/system/libsystem_info.dylib
0x000000000b0fa000 	/usr/lib/system/libsystem_kernel.dylib
0x000000000b0fa000 	/usr/lib/system/libsystem_m.dylib
0x000000000b0fa000 	/usr/lib/system/libsystem_malloc.dylib
0x000000000b0fa000 	/usr/lib/system/libsystem_network.dylib
0x000000000b0fa000 	/usr/lib/system/libsystem_networkextension.dylib
0x000000000b0fa000 	/usr/lib/system/libsystem_notify.dylib
0x000000000b0fa000 	/usr/lib/system/libsystem_platform.dylib
0x000000000b0fa000 	/usr/lib/system/libsystem_pthread.dylib
0x000000000b0fa000 	/usr/lib/system/libsystem_sandbox.dylib
0x000000000b0fa000 	/usr/lib/system/libsystem_secinit.dylib
0x000000000b0fa000 	/usr/lib/system/libsystem_stats.dylib
0x000000000b0fa000 	/usr/lib/system/libsystem_trace.dylib
0x000000000b0fa000 	/usr/lib/system/libunc.dylib
0x000000000b0fa000 	/usr/lib/system/libunwind.dylib
0x000000000b0fa000 	/usr/lib/system/libxpc.dylib
0x000000000b0fa000 	/usr/lib/libbz2.1.0.dylib
0x000000000b0fa000 	/usr/lib/liblzma.5.dylib
0x000000000b0fa000 	/usr/lib/libbsm.0.dylib
0x000000000b0fa000 	/usr/lib/libsqlite3.dylib
0x000000000b0fa000 	/usr/lib/system/libkxld.dylib
0x000000000b0fa000 	/usr/lib/libxar.1.dylib
0x000000000b0fa000 	/usr/lib/libpam.2.dylib
0x000000000b0fa000 	/usr/lib/libOpenScriptingUtil.dylib
0x000000000b0fa000 	/System/Library/Frameworks/CoreServices.framework/Versions/A/Frameworks/FSEvents.framework/Versions/A/FSEvents
0x000000000b0fa000 	/System/Library/Frameworks/CoreServices.framework/Versions/A/Frameworks/CarbonCore.framework/Versions/A/CarbonCore
0x000000000b0fa000 	/System/Library/Frameworks/CoreServices.framework/Versions/A/Frameworks/Metadata.framework/Versions/A/Metadata
0x000000000b0fa000 	/System/Library/Frameworks/CoreServices.framework/Versions/A/Frameworks/OSServices.framework/Versions/A/OSServices
0x000000000b0fa000 	/System/Library/Frameworks/CoreServices.framework/Versions/A/Frameworks/SearchKit.framework/Versions/A/SearchKit
0x000000000b0fa000 	/System/Library/Frameworks/CoreServices.framework/Versions/A/Frameworks/AE.framework/Versions/A/AE
0x000000000b0fa000 	/System/Library/Frameworks/CoreServices.framework/Versions/A/Frameworks/LaunchServices.framework/Versions/A/LaunchServices
0x000000000b0fa000 	/System/Library/Frameworks/CoreServices.framework/Versions/A/Frameworks/DictionaryServices.framework/Versions/A/DictionaryServices
0x000000000b0fa000 	/System/Library/Frameworks/NetFS.framework/Versions/A/NetFS
0x000000000b0fa000 	/System/Library/PrivateFrameworks/NetAuth.framework/Versions/A/NetAuth
0x000000000b0fa000 	/System/Library/PrivateFrameworks/login.framework/Versions/A/Frameworks/loginsupport.framework/Versions/A/loginsupport
0x000000000b0fa000 	/System/Library/PrivateFrameworks/TCC.framework/Versions/A/TCC
0x000000000b0fa000 	/usr/lib/libmecabra.dylib
0x000000000b0fa000 	/System/Library/PrivateFrameworks/LanguageModeling.framework/Versions/A/LanguageModeling
0x000000000b0fa000 	/usr/lib/libcmph.dylib
0x000000000b0fa000 	/usr/lib/libiconv.2.dylib
0x000000000b0fa000 	/System/Library/Frameworks/OpenDirectory.framework/Versions/A/Frameworks/CFOpenDirectory.framework/Versions/A/CFOpenDirectory
0x000000000b0fa000 	/System/Library/Frameworks/ServiceManagement.framework/Versions/A/ServiceManagement
0x000000000b0fa000 	/usr/lib/libxslt.1.dylib
0x000000000b0fa000 	/System/Library/Frameworks/Carbon.framework/Versions/A/Frameworks/Ink.framework/Versions/A/Ink
0x000000000b0fa000 	/System/Library/Frameworks/ApplicationServices.framework/Versions/A/Frameworks/ATS.framework/Versions/A/ATS
0x000000000b0fa000 	/System/Library/Frameworks/ApplicationServices.framework/Versions/A/Frameworks/ColorSync.framework/Versions/A/ColorSync
0x000000000b0fa000 	/System/Library/Frameworks/ApplicationServices.framework/Versions/A/Frameworks/HIServices.framework/Versions/A/HIServices
0x000000000b0fa000 	/System/Library/Frameworks/ApplicationServices.framework/Versions/A/Frameworks/LangAnalysis.framework/Versions/A/LangAnalysis
0x000000000b0fa000 	/System/Library/Frameworks/ApplicationServices.framework/Versions/A/Frameworks/PrintCore.framework/Versions/A/PrintCore
0x000000000b0fa000 	/System/Library/Frameworks/ApplicationServices.framework/Versions/A/Frameworks/QD.framework/Versions/A/QD
0x000000000b0fa000 	/System/Library/Frameworks/ApplicationServices.framework/Versions/A/Frameworks/SpeechSynthesis.framework/Versions/A/SpeechSynthesis
0x000000000b0fa000 	/System/Library/Frameworks/Accelerate.framework/Versions/A/Accelerate
0x000000000b0fa000 	/System/Library/Frameworks/Accelerate.framework/Versions/A/Frameworks/vImage.framework/Versions/A/vImage
0x000000000b0fa000 	/System/Library/Frameworks/Accelerate.framework/Versions/A/Frameworks/vecLib.framework/Versions/A/vecLib
0x000000000b0fa000 	/System/Library/Frameworks/Accelerate.framework/Versions/A/Frameworks/vecLib.framework/Versions/A/libvDSP.dylib
0x000000000b0fa000 	/System/Library/Frameworks/Accelerate.framework/Versions/A/Frameworks/vecLib.framework/Versions/A/libvMisc.dylib
0x000000000b0fa000 	/System/Library/Frameworks/Accelerate.framework/Versions/A/Frameworks/vecLib.framework/Versions/A/libLAPACK.dylib
0x000000000b0fa000 	/System/Library/Frameworks/Accelerate.framework/Versions/A/Frameworks/vecLib.framework/Versions/A/libBLAS.dylib
0x000000000b0fa000 	/System/Library/Frameworks/Accelerate.framework/Versions/A/Frameworks/vecLib.framework/Versions/A/libLinearAlgebra.dylib
0x000000000b0fa000 	/System/Library/Frameworks/ApplicationServices.framework/Versions/A/Frameworks/ATS.framework/Versions/A/Resources/libFontParser.dylib
0x000000000b0fa000 	/System/Library/Frameworks/ApplicationServices.framework/Versions/A/Frameworks/ATS.framework/Versions/A/Resources/libFontRegistry.dylib
0x000000000b0fa000 	/System/Library/PrivateFrameworks/AppleVPA.framework/Versions/A/AppleVPA
0x000000000b0fa000 	/System/Library/PrivateFrameworks/AppleJPEG.framework/Versions/A/AppleJPEG
0x000000000b0fa000 	/System/Library/Frameworks/ImageIO.framework/Versions/A/Resources/libJPEG.dylib
0x000000000b0fa000 	/System/Library/Frameworks/ImageIO.framework/Versions/A/Resources/libTIFF.dylib
0x000000000b0fa000 	/System/Library/Frameworks/ImageIO.framework/Versions/A/Resources/libPng.dylib
0x000000000b0fa000 	/System/Library/Frameworks/ImageIO.framework/Versions/A/Resources/libGIF.dylib
0x000000000b0fa000 	/System/Library/Frameworks/ImageIO.framework/Versions/A/Resources/libJP2.dylib
0x000000000b0fa000 	/System/Library/Frameworks/ImageIO.framework/Versions/A/Resources/libRadiance.dylib
0x000000000b0fa000 	/System/Library/Frameworks/CoreVideo.framework/Versions/A/CoreVideo
0x000000000b0fa000 	/System/Library/Frameworks/OpenGL.framework/Versions/A/Libraries/libGLU.dylib
0x000000000b0fa000 	/System/Library/Frameworks/OpenGL.framework/Versions/A/Libraries/libGFXShared.dylib
0x000000000b0fa000 	/System/Library/Frameworks/OpenGL.framework/Versions/A/Libraries/libGL.dylib
0x000000000b0fa000 	/System/Library/Frameworks/OpenGL.framework/Versions/A/Libraries/libGLImage.dylib
0x000000000b0fa000 	/System/Library/Frameworks/OpenGL.framework/Versions/A/Libraries/libCVMSPluginSupport.dylib
0x000000000b0fa000 	/System/Library/Frameworks/OpenGL.framework/Versions/A/Libraries/libCoreVMClient.dylib
0x000000000b0fa000 	/usr/lib/libcups.2.dylib
0x000000000b0fa000 	/System/Library/Frameworks/Kerberos.framework/Versions/A/Kerberos
0x000000000b0fa000 	/System/Library/Frameworks/GSS.framework/Versions/A/GSS
0x000000000b0fa000 	/usr/lib/libresolv.9.dylib
0x000000000b0fa000 	/System/Library/PrivateFrameworks/Heimdal.framework/Versions/A/Heimdal
0x000000000b0fa000 	/usr/lib/libheimdal-asn1.dylib
0x000000000b0fa000 	/System/Library/Frameworks/OpenDirectory.framework/Versions/A/OpenDirectory
0x000000000b0fa000 	/System/Library/PrivateFrameworks/CommonAuth.framework/Versions/A/CommonAuth
0x000000000b0fa000 	/System/Library/Frameworks/SecurityFoundation.framework/Versions/A/SecurityFoundation
0x000000000b0fa000 	/System/Library/Frameworks/QuartzCore.framework/Versions/A/Frameworks/CoreImage.framework/Versions/A/CoreImage
0x000000000b0fa000 	/System/Library/PrivateFrameworks/CrashReporterSupport.framework/Versions/A/CrashReporterSupport
0x000000000b0fa000 	/System/Library/Frameworks/OpenCL.framework/Versions/A/OpenCL
0x000000000b0fa000 	/System/Library/PrivateFrameworks/FaceCore.framework/Versions/A/FaceCore
0x000000000b0fa000 	/System/Library/PrivateFrameworks/Ubiquity.framework/Versions/A/Ubiquity
0x000000000b0fa000 	/System/Library/PrivateFrameworks/IconServices.framework/Versions/A/IconServices
0x000000000b0fa000 	/System/Library/PrivateFrameworks/ChunkingLibrary.framework/Versions/A/ChunkingLibrary
0x000000000b0fa000 	/System/Library/PrivateFrameworks/Apple80211.framework/Versions/A/Apple80211
0x000000000b0fa000 	/System/Library/Frameworks/CoreWLAN.framework/Versions/A/CoreWLAN
0x000000000b0fa000 	/System/Library/Frameworks/IOBluetooth.framework/Versions/A/IOBluetooth
0x000000000b0fa000 	/System/Library/PrivateFrameworks/CoreWiFi.framework/Versions/A/CoreWiFi
0x000000000b0fa000 	/System/Library/Frameworks/CoreBluetooth.framework/Versions/A/CoreBluetooth
0x000000000b0fa000 	/System/Library/PrivateFrameworks/DebugSymbols.framework/Versions/A/DebugSymbols
0x000000000b0fa000 	/System/Library/PrivateFrameworks/CoreSymbolication.framework/Versions/A/CoreSymbolication
0x000000000b0fa000 	/System/Library/PrivateFrameworks/Symbolication.framework/Versions/A/Symbolication
0x000000000b0fa000 	/System/Library/PrivateFrameworks/SpeechRecognitionCore.framework/Versions/A/SpeechRecognitionCore
0x0000000107400000 	/Library/Java/JavaVirtualMachines/jdk1.8.0_05.jdk/Contents/Home/jre/lib/server/libjvm.dylib
0x000000000b0fa000 	/usr/lib/libstdc++.6.dylib
0x0000000106bed000 	/Library/Java/JavaVirtualMachines/jdk1.8.0_05.jdk/Contents/Home/jre/lib/libverify.dylib
0x00000001082c0000 	/Library/Java/JavaVirtualMachines/jdk1.8.0_05.jdk/Contents/Home/jre/lib/libjava.dylib
0x00000001082f4000 	/Library/Java/JavaVirtualMachines/jdk1.8.0_05.jdk/Contents/Home/jre/lib/libjdwp.dylib
0x0000000106bfc000 	/Library/Java/JavaVirtualMachines/jdk1.8.0_05.jdk/Contents/Home/jre/lib/libnpt.dylib
0x0000000108348000 	/Library/Java/JavaVirtualMachines/jdk1.8.0_05.jdk/Contents/Home/jre/lib/libzip.dylib
0x00000001de5c9000 	/System/Library/Frameworks/JavaVM.framework/Frameworks/JavaRuntimeSupport.framework/JavaRuntimeSupport
0x00000001de5e1000 	/System/Library/Frameworks/JavaVM.framework/Versions/A/Frameworks/JavaNativeFoundation.framework/Versions/A/JavaNativeFoundation
0x00000001de5f6000 	/System/Library/Frameworks/JavaVM.framework/Versions/A/JavaVM
0x000000000b0fa000 	/System/Library/Frameworks/Carbon.framework/Versions/A/Carbon
0x00000001de603000 	/System/Library/PrivateFrameworks/JavaLaunching.framework/Versions/A/JavaLaunching
0x000000000b0fa000 	/System/Library/Frameworks/Carbon.framework/Versions/A/Frameworks/CommonPanels.framework/Versions/A/CommonPanels
0x000000000b0fa000 	/System/Library/Frameworks/Carbon.framework/Versions/A/Frameworks/Help.framework/Versions/A/Help
0x000000000b0fa000 	/System/Library/Frameworks/Carbon.framework/Versions/A/Frameworks/ImageCapture.framework/Versions/A/ImageCapture
0x000000000b0fa000 	/System/Library/Frameworks/Carbon.framework/Versions/A/Frameworks/OpenScripting.framework/Versions/A/OpenScripting
0x000000000b0fa000 	/System/Library/Frameworks/Carbon.framework/Versions/A/Frameworks/Print.framework/Versions/A/Print
0x000000000b0fa000 	/System/Library/Frameworks/Carbon.framework/Versions/A/Frameworks/SecurityHI.framework/Versions/A/SecurityHI
0x00000001dff11000 	/Library/Java/JavaVirtualMachines/jdk1.8.0_05.jdk/Contents/Home/jre/lib/libdt_socket.dylib

VM Arguments:
jvm_args: -agentlib:jdwp=transport=dt_socket,address=127.0.0.1:58654,suspend=y,server=n -Dvisualvm.id=1415224362632281000 -Dfile.encoding=UTF-8 
java_command: com.intellij.rt.execution.junit.JUnitStarter -ideVersion5 BasicTests,studentStringBuildEncode
java_class_path (initial): /Applications/IntelliJ IDEA 13 CE.app/lib/idea_rt.jar:/Applications/IntelliJ IDEA 13 CE.app/plugins/junit/lib/junit-rt.jar:/Library/Java/JavaVirtualMachines/jdk1.8.0_05.jdk/Contents/Home/lib/ant-javafx.jar:/Library/Java/JavaVirtualMachines/jdk1.8.0_05.jdk/Contents/Home/lib/dt.jar:/Library/Java/JavaVirtualMachines/jdk1.8.0_05.jdk/Contents/Home/lib/javafx-mx.jar:/Library/Java/JavaVirtualMachines/jdk1.8.0_05.jdk/Contents/Home/lib/jconsole.jar:/Library/Java/JavaVirtualMachines/jdk1.8.0_05.jdk/Contents/Home/lib/sa-jdi.jar:/Library/Java/JavaVirtualMachines/jdk1.8.0_05.jdk/Contents/Home/lib/tools.jar:/Library/Java/JavaVirtualMachines/jdk1.8.0_05.jdk/Contents/Home/jre/lib/charsets.jar:/Library/Java/JavaVirtualMachines/jdk1.8.0_05.jdk/Contents/Home/jre/lib/deploy.jar:/Library/Java/JavaVirtualMachines/jdk1.8.0_05.jdk/Contents/Home/jre/lib/htmlconverter.jar:/Library/Java/JavaVirtualMachines/jdk1.8.0_05.jdk/Contents/Home/jre/lib/javaws.jar:/Library/Java/JavaVirtualMachines/jdk1.8.0_05.jdk/Contents/Home/jre/lib/jce.jar:/Library/Java/JavaVirtualMachines/jdk1.8.0_05.jdk/Contents/Home/jre/lib/jfr.jar:/Library/Java/JavaVirtualMachines/jdk1.8.0_05.jdk/Contents/Home/jre/lib/jfxswt.jar:/Library/Java/JavaVirtualMachines/jdk1.8.0_05.jdk/Contents/Home/jre/lib/jsse.jar:/Library/Java/JavaVirtualMachines/jdk1.8.0_05.jdk/Contents/Home/jre/lib/management-agent.jar:/Library/Java/JavaVirtualMachines/jdk1.8.0_05.jdk/Contents/Home/jre/lib/plugin.jar:/Library/Java/JavaVirtualMachines/jdk1.8.0_05.jdk/Contents/Home/jre/lib/resources.jar:/Library/Java/JavaVirtualMachines/jdk1.8.0_05.jdk/Contents/Home/jre/lib/rt.jar:/Library/Java/JavaVirtualMachines/jdk1.8.0_05.jdk/Contents/Home/jre/lib/ext/cldrdata.jar:/Library/Java/JavaVirtualMachines/jdk1.8.0_05.jdk/Contents/Home/jre/lib/ext/dnsns.jar:/Library/Java/JavaVirtualMachines/jdk1.8.0_05.jdk/Contents/Home/jre/lib/ext/jfxrt.jar:/Library/Java/JavaVirtualMachines/jdk1.8.0_05.jdk/Contents/Home/jre/lib/ext/localedata.jar:/Library/Jav
Launcher Type: SUN_STANDARD

Environment Variables:
PATH=/usr/local/heroku/bin:/usr/bin:/bin:/usr/sbin:/sbin:/usr/local/bin:/Applications/Android Studio.app/sdk/tools:/Applications/Android Studio.app/sdk/platform-tools:/opt/X11/bin
SHELL=/bin/bash
DISPLAY=/private/tmp/com.apple.launchd.vbpS4Ut96A/org.macosforge.xquartz:0

Signal Handlers:
SIGSEGV: [libjvm.dylib+0x55f7df], sa_mask[0]=0xfffefeff, sa_flags=0x00000043
SIGBUS: [libjvm.dylib+0x55f7df], sa_mask[0]=0xfffefeff, sa_flags=0x00000042
SIGFPE: [libjvm.dylib+0x442cfa], sa_mask[0]=0xfffefeff, sa_flags=0x00000042
SIGPIPE: [libjvm.dylib+0x442cfa], sa_mask[0]=0xfffefeff, sa_flags=0x00000042
SIGXFSZ: [libjvm.dylib+0x442cfa], sa_mask[0]=0xfffefeff, sa_flags=0x00000042
SIGILL: [libjvm.dylib+0x442cfa], sa_mask[0]=0xfffefeff, sa_flags=0x00000042
SIGUSR1: SIG_DFL, sa_mask[0]=0x00000000, sa_flags=0x00000000
SIGUSR2: [libjvm.dylib+0x442818], sa_mask[0]=0x00000004, sa_flags=0x00000042
SIGHUP: [libjvm.dylib+0x440ba5], sa_mask[0]=0xfffefeff, sa_flags=0x00000042
SIGINT: [libjvm.dylib+0x440ba5], sa_mask[0]=0xfffefeff, sa_flags=0x00000042
SIGTERM: [libjvm.dylib+0x440ba5], sa_mask[0]=0xfffefeff, sa_flags=0x00000042
SIGQUIT: [libjvm.dylib+0x440ba5], sa_mask[0]=0xfffefeff, sa_flags=0x00000042


---------------  S Y S T E M  ---------------

OS:Bsduname:Darwin 14.0.0 Darwin Kernel Version 14.0.0: Fri Sep 19 00:26:44 PDT 2014; root:xnu-2782.1.97~2/RELEASE_X86_64 x86_64
rlimit: STACK 8192k, CORE 0k, NPROC 709, NOFILE 10240, AS infinity
load average:3.17 3.76 3.69

CPU:total 4 (2 cores per cpu, 2 threads per core) family 6 model 69 stepping 1, cmov, cx8, fxsr, mmx, sse, sse2, sse3, ssse3, sse4.1, sse4.2, popcnt, avx, avx2, aes, clmul, erms, ht, tsc, tscinvbit

Memory: 4k page, physical 8388608k(403876k free)

/proc/meminfo:


vm_info: Java HotSpot(TM) 64-Bit Server VM (25.5-b02) for bsd-amd64 JRE (1.8.0_05-b13), built on Mar 18 2014 00:36:13 by "java_re" with gcc 4.2.1 (Based on Apple Inc. build 5658) (LLVM build 2336.11.00)

time: Wed Nov  5 18:03:57 2014
elapsed time: 4275 seconds

